 
****************************************
Report : timing
        -path full
        -delay max
        -max_paths 1
Design : top
Version: O-2018.06
Date   : Thu Oct 26 21:37:58 2023
****************************************

Operating Conditions: WCCOM   Library: fsa0m_a_generic_core_ss1p62v125c
Wire Load Model Mode: enclosed

  Startpoint: CPU_wrapper/CPU/EXE_MEM_reg/MEM_rd_addr_reg_0_
              (rising edge-triggered flip-flop clocked by clk)
  Endpoint: CPU_wrapper/CPU/IF/pc/pc_out_reg_31_
            (rising edge-triggered flip-flop clocked by clk)
  Path Group: clk
  Path Type: max

  Des/Clust/Port     Wire Load Model       Library
  ------------------------------------------------
  top                enG1000K              fsa0m_a_generic_core_ss1p62v125c
  CPU                enG50K                fsa0m_a_generic_core_ss1p62v125c
  Forwarding_Unit    enG5K                 fsa0m_a_generic_core_ss1p62v125c
  EXE                enG30K                fsa0m_a_generic_core_ss1p62v125c
  ALU                enG30K                fsa0m_a_generic_core_ss1p62v125c
  ALU_DW_mult_tc_2   enG10K                fsa0m_a_generic_core_ss1p62v125c
  IF                 enG5K                 fsa0m_a_generic_core_ss1p62v125c
  Program_Counter    enG5K                 fsa0m_a_generic_core_ss1p62v125c

  Point                                                   Incr       Path
  --------------------------------------------------------------------------
  clock clk (rise edge)                                   0.00       0.00
  clock network delay (ideal)                             1.00       1.00
  CPU_wrapper/CPU/EXE_MEM_reg/MEM_rd_addr_reg_0_/CK (DFFRBT)
                                                          0.00       1.00 r
  CPU_wrapper/CPU/EXE_MEM_reg/MEM_rd_addr_reg_0_/Q (DFFRBT)
                                                          0.49       1.49 f
  CPU_wrapper/CPU/EXE_MEM_reg/MEM_rd_addr[0] (EXE_MEM_reg)
                                                          0.00       1.49 f
  CPU_wrapper/CPU/Forwarding_Unit/MEM_rd_addr[0] (Forwarding_Unit)
                                                          0.00       1.49 f
  CPU_wrapper/CPU/Forwarding_Unit/U17/O (INV3)            0.08       1.56 r
  CPU_wrapper/CPU/Forwarding_Unit/U28/O (ND2P)            0.05       1.61 f
  CPU_wrapper/CPU/Forwarding_Unit/U29/O (ND2S)            0.10       1.71 r
  CPU_wrapper/CPU/Forwarding_Unit/U27/O (AN3)             0.30       2.01 r
  CPU_wrapper/CPU/Forwarding_Unit/U37/O (ND2P)            0.07       2.08 f
  CPU_wrapper/CPU/Forwarding_Unit/U26/O (AN4)             0.25       2.33 f
  CPU_wrapper/CPU/Forwarding_Unit/U41/O (AN4B1P)          0.28       2.61 f
  CPU_wrapper/CPU/Forwarding_Unit/ForwardRS1Src[1] (Forwarding_Unit)
                                                          0.00       2.61 f
  CPU_wrapper/CPU/EXE/ForwardRS1Src[1] (EXE)              0.00       2.61 f
  CPU_wrapper/CPU/EXE/U39/O (BUF6)                        0.20       2.81 f
  CPU_wrapper/CPU/EXE/U38/O (NR2F)                        0.13       2.94 r
  CPU_wrapper/CPU/EXE/U49/O (BUF6)                        0.27       3.21 r
  CPU_wrapper/CPU/EXE/U70/O (AO222S)                      0.61       3.83 r
  CPU_wrapper/CPU/EXE/ALU/rs1[21] (ALU)                   0.00       3.83 r
  CPU_wrapper/CPU/EXE/ALU/U190/O (BUF6)                   0.47       4.30 r
  CPU_wrapper/CPU/EXE/ALU/mult_46/a[21] (ALU_DW_mult_tc_2)
                                                          0.00       4.30 r
  CPU_wrapper/CPU/EXE/ALU/mult_46/U2520/O (XNR2HS)        0.10       4.40 f
  CPU_wrapper/CPU/EXE/ALU/mult_46/U2359/O (BUF1CK)        1.16       5.56 f
  CPU_wrapper/CPU/EXE/ALU/mult_46/U2312/O (ND2T)          0.41       5.97 r
  CPU_wrapper/CPU/EXE/ALU/mult_46/U2434/O (BUF8)          0.29       6.26 r
  CPU_wrapper/CPU/EXE/ALU/mult_46/U3208/O (OAI22S)        0.17       6.43 f
  CPU_wrapper/CPU/EXE/ALU/mult_46/U3207/CO (FA1S)         0.61       7.04 f
  CPU_wrapper/CPU/EXE/ALU/mult_46/U2366/CO (FA1S)         0.50       7.54 f
  CPU_wrapper/CPU/EXE/ALU/mult_46/U2977/S (FA1S)          0.68       8.22 r
  CPU_wrapper/CPU/EXE/ALU/mult_46/U2860/S (FA1S)          0.55       8.76 f
  CPU_wrapper/CPU/EXE/ALU/mult_46/U2461/S (FA1)           0.33       9.09 f
  CPU_wrapper/CPU/EXE/ALU/mult_46/U2821/S (FA1S)          0.65       9.74 r
  CPU_wrapper/CPU/EXE/ALU/mult_46/U2784/S (FA1S)          0.56      10.30 f
  CPU_wrapper/CPU/EXE/ALU/mult_46/U2722/O (NR2)           0.26      10.56 r
  CPU_wrapper/CPU/EXE/ALU/mult_46/U2747/O (OAI12HS)       0.13      10.69 f
  CPU_wrapper/CPU/EXE/ALU/mult_46/U2730/O (AO12)          0.32      11.01 f
  CPU_wrapper/CPU/EXE/ALU/mult_46/U2393/O (AO12)          0.36      11.37 f
  CPU_wrapper/CPU/EXE/ALU/mult_46/U2528/O (AOI12H)        0.23      11.60 r
  CPU_wrapper/CPU/EXE/ALU/mult_46/U2429/O (OAI12H)        0.15      11.75 f
  CPU_wrapper/CPU/EXE/ALU/mult_46/U2428/O (AOI12HP)       0.21      11.95 r
  CPU_wrapper/CPU/EXE/ALU/mult_46/U2426/O (OAI12HT)       0.10      12.05 f
  CPU_wrapper/CPU/EXE/ALU/mult_46/U2425/O (AOI12HP)       0.17      12.22 r
  CPU_wrapper/CPU/EXE/ALU/mult_46/U2552/O (OAI12H)        0.12      12.34 f
  CPU_wrapper/CPU/EXE/ALU/mult_46/U2397/O (AOI12H)        0.22      12.56 r
  CPU_wrapper/CPU/EXE/ALU/mult_46/U2567/O (OAI12H)        0.13      12.69 f
  CPU_wrapper/CPU/EXE/ALU/mult_46/U2424/O (AOI12H)        0.22      12.91 r
  CPU_wrapper/CPU/EXE/ALU/mult_46/U2423/O (OAI12H)        0.11      13.02 f
  CPU_wrapper/CPU/EXE/ALU/mult_46/U2427/O (AO12)          0.28      13.30 f
  CPU_wrapper/CPU/EXE/ALU/mult_46/U2576/O (XNR2HS)        0.18      13.48 f
  CPU_wrapper/CPU/EXE/ALU/mult_46/product_63_ (ALU_DW_mult_tc_2)
                                                          0.00      13.48 f
  CPU_wrapper/CPU/EXE/ALU/U183/O (AOI22H)                 0.24      13.72 r
  CPU_wrapper/CPU/EXE/ALU/U124/O (ND3P)                   0.17      13.88 f
  CPU_wrapper/CPU/EXE/ALU/U177/O (AOI12HP)                0.18      14.07 r
  CPU_wrapper/CPU/EXE/ALU/U536/O (OAI12HP)                0.12      14.19 f
  CPU_wrapper/CPU/EXE/ALU/ALU_out[31] (ALU)               0.00      14.19 f
  CPU_wrapper/CPU/EXE/pc_immrs1[31] (EXE)                 0.00      14.19 f
  CPU_wrapper/CPU/IF/pc_immrs1[31] (IF)                   0.00      14.19 f
  CPU_wrapper/CPU/IF/U76/O (AO222S)                       0.30      14.49 f
  CPU_wrapper/CPU/IF/pc/pc_in[31] (Program_Counter)       0.00      14.49 f
  CPU_wrapper/CPU/IF/pc/U40/O (MUX2)                      0.30      14.79 f
  CPU_wrapper/CPU/IF/pc/pc_out_reg_31_/D (QDFFRBN)        0.00      14.79 f
  data arrival time                                                 14.79

  clock clk (rise edge)                                  14.00      14.00
  clock network delay (ideal)                             1.00      15.00
  clock uncertainty                                      -0.10      14.90
  CPU_wrapper/CPU/IF/pc/pc_out_reg_31_/CK (QDFFRBN)       0.00      14.90 r
  library setup time                                     -0.11      14.79
  data required time                                                14.79
  --------------------------------------------------------------------------
  data required time                                                14.79
  data arrival time                                                -14.79
  --------------------------------------------------------------------------
  slack (MET)                                                        0.00


1
